2017-03-17 10:25:42,353 [Worker-6] INFO  o.e.m.c.i.l.LifecycleMappingFactory - Using org.eclipse.m2e.jdt.JarLifecycleMapping lifecycle mapping for MavenProject: com.balaji.ms:SampleService:1.0 @ D:\MIcroservices\workspace\SampleService\pom.xml.
2017-03-17 10:25:42,601 [Worker-11] INFO  o.e.m.c.i.l.LifecycleMappingFactory - Using org.eclipse.m2e.jdt.JarLifecycleMapping lifecycle mapping for MavenProject: com.balaji.ms:SampleService:1.0 @ D:\MIcroservices\workspace\SampleService\pom.xml.
2017-03-17 10:25:55,856 [Worker-11] INFO  o.e.m.c.i.e.AbstractTransferListenerAdapter - Downloading https://repo.maven.apache.org/maven2/org/apache/maven/maven-plugin-api/2.2.1/maven-plugin-api-2.2.1.jar
2017-03-17 10:25:56,170 [Worker-11] INFO  o.e.m.c.i.e.AbstractTransferListenerAdapter - Downloaded https://repo.maven.apache.org/maven2/org/apache/maven/maven-plugin-api/2.2.1/maven-plugin-api-2.2.1.jar
2017-03-17 10:25:56,460 [Worker-11] INFO  o.e.m.c.i.e.AbstractTransferListenerAdapter - Downloading https://repo.maven.apache.org/maven2/org/apache/maven/maven-core/2.2.1/maven-core-2.2.1.jar
2017-03-17 10:25:57,642 [Worker-11] INFO  o.e.m.c.i.e.AbstractTransferListenerAdapter - Downloaded https://repo.maven.apache.org/maven2/org/apache/maven/maven-core/2.2.1/maven-core-2.2.1.jar
2017-03-17 10:25:57,931 [Worker-11] INFO  o.e.m.c.i.e.AbstractTransferListenerAdapter - Downloading https://repo.maven.apache.org/maven2/org/apache/maven/maven-settings/2.2.1/maven-settings-2.2.1.jar
2017-03-17 10:25:58,246 [Worker-11] INFO  o.e.m.c.i.e.AbstractTransferListenerAdapter - Downloaded https://repo.maven.apache.org/maven2/org/apache/maven/maven-settings/2.2.1/maven-settings-2.2.1.jar
2017-03-17 10:25:58,542 [Worker-11] INFO  o.e.m.c.i.e.AbstractTransferListenerAdapter - Downloading https://repo.maven.apache.org/maven2/org/apache/maven/maven-plugin-parameter-documenter/2.2.1/maven-plugin-parameter-documenter-2.2.1.jar
2017-03-17 10:25:58,845 [Worker-11] INFO  o.e.m.c.i.e.AbstractTransferListenerAdapter - Downloaded https://repo.maven.apache.org/maven2/org/apache/maven/maven-plugin-parameter-documenter/2.2.1/maven-plugin-parameter-documenter-2.2.1.jar
2017-03-17 10:25:59,132 [Worker-11] INFO  o.e.m.c.i.e.AbstractTransferListenerAdapter - Downloading https://repo.maven.apache.org/maven2/org/apache/maven/maven-profile/2.2.1/maven-profile-2.2.1.jar
2017-03-17 10:25:59,454 [Worker-11] INFO  o.e.m.c.i.e.AbstractTransferListenerAdapter - Downloaded https://repo.maven.apache.org/maven2/org/apache/maven/maven-profile/2.2.1/maven-profile-2.2.1.jar
2017-03-17 10:25:59,739 [Worker-11] INFO  o.e.m.c.i.e.AbstractTransferListenerAdapter - Downloading https://repo.maven.apache.org/maven2/org/apache/maven/maven-model/2.2.1/maven-model-2.2.1.jar
2017-03-17 10:26:00,070 [Worker-11] INFO  o.e.m.c.i.e.AbstractTransferListenerAdapter - Downloaded https://repo.maven.apache.org/maven2/org/apache/maven/maven-model/2.2.1/maven-model-2.2.1.jar
2017-03-17 10:26:00,357 [Worker-11] INFO  o.e.m.c.i.e.AbstractTransferListenerAdapter - Downloading https://repo.maven.apache.org/maven2/org/apache/maven/maven-repository-metadata/2.2.1/maven-repository-metadata-2.2.1.jar
2017-03-17 10:26:00,901 [Worker-11] INFO  o.e.m.c.i.e.AbstractTransferListenerAdapter - Downloaded https://repo.maven.apache.org/maven2/org/apache/maven/maven-repository-metadata/2.2.1/maven-repository-metadata-2.2.1.jar
2017-03-17 10:26:01,194 [Worker-11] INFO  o.e.m.c.i.e.AbstractTransferListenerAdapter - Downloading https://repo.maven.apache.org/maven2/org/apache/maven/maven-error-diagnostics/2.2.1/maven-error-diagnostics-2.2.1.jar
2017-03-17 10:26:01,522 [Worker-11] INFO  o.e.m.c.i.e.AbstractTransferListenerAdapter - Downloaded https://repo.maven.apache.org/maven2/org/apache/maven/maven-error-diagnostics/2.2.1/maven-error-diagnostics-2.2.1.jar
2017-03-17 10:26:02,168 [Worker-11] INFO  o.e.m.c.i.e.AbstractTransferListenerAdapter - Downloading https://repo.maven.apache.org/maven2/org/apache/maven/maven-plugin-descriptor/2.2.1/maven-plugin-descriptor-2.2.1.jar
2017-03-17 10:26:02,472 [Worker-11] INFO  o.e.m.c.i.e.AbstractTransferListenerAdapter - Downloaded https://repo.maven.apache.org/maven2/org/apache/maven/maven-plugin-descriptor/2.2.1/maven-plugin-descriptor-2.2.1.jar
2017-03-17 10:26:02,754 [Worker-11] INFO  o.e.m.c.i.e.AbstractTransferListenerAdapter - Downloading https://repo.maven.apache.org/maven2/org/apache/maven/maven-artifact-manager/2.2.1/maven-artifact-manager-2.2.1.jar
2017-03-17 10:26:03,065 [Worker-11] INFO  o.e.m.c.i.e.AbstractTransferListenerAdapter - Downloaded https://repo.maven.apache.org/maven2/org/apache/maven/maven-artifact-manager/2.2.1/maven-artifact-manager-2.2.1.jar
2017-03-17 10:26:03,351 [Worker-11] INFO  o.e.m.c.i.e.AbstractTransferListenerAdapter - Downloading https://repo.maven.apache.org/maven2/org/apache/maven/maven-monitor/2.2.1/maven-monitor-2.2.1.jar
2017-03-17 10:26:03,998 [Worker-11] INFO  o.e.m.c.i.e.AbstractTransferListenerAdapter - Downloaded https://repo.maven.apache.org/maven2/org/apache/maven/maven-monitor/2.2.1/maven-monitor-2.2.1.jar
2017-03-17 10:26:04,283 [Worker-11] INFO  o.e.m.c.i.e.AbstractTransferListenerAdapter - Downloading https://repo.maven.apache.org/maven2/org/apache/maven/maven-project/2.2.1/maven-project-2.2.1.jar
2017-03-17 10:26:04,820 [Worker-11] INFO  o.e.m.c.i.e.AbstractTransferListenerAdapter - Downloaded https://repo.maven.apache.org/maven2/org/apache/maven/maven-project/2.2.1/maven-project-2.2.1.jar
2017-03-17 10:26:05,105 [Worker-11] INFO  o.e.m.c.i.e.AbstractTransferListenerAdapter - Downloading https://repo.maven.apache.org/maven2/org/apache/maven/maven-plugin-registry/2.2.1/maven-plugin-registry-2.2.1.jar
2017-03-17 10:26:05,413 [Worker-11] INFO  o.e.m.c.i.e.AbstractTransferListenerAdapter - Downloaded https://repo.maven.apache.org/maven2/org/apache/maven/maven-plugin-registry/2.2.1/maven-plugin-registry-2.2.1.jar
2017-03-17 10:26:05,704 [Worker-11] INFO  o.e.m.c.i.e.AbstractTransferListenerAdapter - Downloading https://repo.maven.apache.org/maven2/org/apache/maven/maven-artifact/2.2.1/maven-artifact-2.2.1.jar
2017-03-17 10:26:06,037 [Worker-11] INFO  o.e.m.c.i.e.AbstractTransferListenerAdapter - Downloaded https://repo.maven.apache.org/maven2/org/apache/maven/maven-artifact/2.2.1/maven-artifact-2.2.1.jar
2017-03-17 10:26:15,931 [Worker-11] INFO  o.e.m.c.i.embedder.EclipseLogger - Using 'UTF-8' encoding to copy filtered resources.
2017-03-17 10:26:15,936 [Worker-11] INFO  o.e.m.c.i.embedder.EclipseLogger - Copying 1 resource
2017-03-17 10:26:15,947 [Worker-11] INFO  o.e.m.c.i.embedder.EclipseLogger - Copying 1 resource
2017-03-17 10:26:15,955 [Worker-11] INFO  o.e.m.c.i.embedder.EclipseLogger - Using 'UTF-8' encoding to copy filtered resources.
2017-03-17 10:26:15,955 [Worker-11] INFO  o.e.m.c.i.embedder.EclipseLogger - Copying 0 resource
2017-03-17 10:26:16,766 [Worker-18] INFO  o.e.m.c.i.l.LifecycleMappingFactory - Using org.eclipse.m2e.jdt.JarLifecycleMapping lifecycle mapping for MavenProject: com.balaji.ms:SampleService:1.0 @ D:\MIcroservices\workspace\SampleService\pom.xml.
2017-03-17 10:26:20,025 [Worker-16] INFO  o.e.m.c.i.embedder.EclipseLogger - Using 'UTF-8' encoding to copy filtered resources.
2017-03-17 10:26:20,028 [Worker-16] INFO  o.e.m.c.i.embedder.EclipseLogger - Copying 1 resource
2017-03-17 10:26:20,030 [Worker-16] INFO  o.e.m.c.i.embedder.EclipseLogger - Copying 1 resource
2017-03-17 10:26:20,035 [Worker-16] INFO  o.e.m.c.i.embedder.EclipseLogger - Using 'UTF-8' encoding to copy filtered resources.
2017-03-17 10:26:20,036 [Worker-16] INFO  o.e.m.c.i.embedder.EclipseLogger - Copying 0 resource
2017-03-17 10:28:17,969 [Worker-6] INFO  o.e.m.c.i.embedder.EclipseLogger - Using 'UTF-8' encoding to copy filtered resources.
2017-03-17 10:28:17,971 [Worker-6] INFO  o.e.m.c.i.embedder.EclipseLogger - Copying 0 resource
2017-03-17 10:28:17,972 [Worker-6] INFO  o.e.m.c.i.embedder.EclipseLogger - Copying 0 resource
2017-03-17 10:28:17,975 [Worker-6] INFO  o.e.m.c.i.embedder.EclipseLogger - Using 'UTF-8' encoding to copy filtered resources.
2017-03-17 10:28:17,975 [Worker-6] INFO  o.e.m.c.i.embedder.EclipseLogger - Copying 0 resource
2017-03-17 10:28:56,644 [Worker-21] INFO  o.e.m.c.i.embedder.EclipseLogger - Using 'UTF-8' encoding to copy filtered resources.
2017-03-17 10:28:56,645 [Worker-21] INFO  o.e.m.c.i.embedder.EclipseLogger - Copying 0 resource
2017-03-17 10:28:56,646 [Worker-21] INFO  o.e.m.c.i.embedder.EclipseLogger - Copying 1 resource
2017-03-17 10:28:56,651 [Worker-21] INFO  o.e.m.c.i.embedder.EclipseLogger - Using 'UTF-8' encoding to copy filtered resources.
2017-03-17 10:28:56,652 [Worker-21] INFO  o.e.m.c.i.embedder.EclipseLogger - Copying 0 resource
2017-03-17 10:31:27,759 [Worker-6] INFO  o.e.m.c.i.embedder.EclipseLogger - Using 'UTF-8' encoding to copy filtered resources.
2017-03-17 10:31:27,760 [Worker-6] INFO  o.e.m.c.i.embedder.EclipseLogger - Copying 0 resource
2017-03-17 10:31:27,761 [Worker-6] INFO  o.e.m.c.i.embedder.EclipseLogger - Copying 1 resource
2017-03-17 10:31:27,770 [Worker-6] INFO  o.e.m.c.i.embedder.EclipseLogger - Using 'UTF-8' encoding to copy filtered resources.
2017-03-17 10:31:27,771 [Worker-6] INFO  o.e.m.c.i.embedder.EclipseLogger - Copying 0 resource
2017-03-17 10:31:33,413 [Worker-21] INFO  o.e.m.c.i.embedder.EclipseLogger - Using 'UTF-8' encoding to copy filtered resources.
2017-03-17 10:31:33,414 [Worker-21] INFO  o.e.m.c.i.embedder.EclipseLogger - Copying 0 resource
2017-03-17 10:31:33,415 [Worker-21] INFO  o.e.m.c.i.embedder.EclipseLogger - Copying 2 resources
2017-03-17 10:31:33,419 [Worker-21] INFO  o.e.m.c.i.embedder.EclipseLogger - Using 'UTF-8' encoding to copy filtered resources.
2017-03-17 10:31:33,419 [Worker-21] INFO  o.e.m.c.i.embedder.EclipseLogger - Copying 0 resource
2017-03-17 10:32:20,080 [Worker-23] INFO  o.e.m.c.i.embedder.EclipseLogger - Using 'UTF-8' encoding to copy filtered resources.
2017-03-17 10:32:20,080 [Worker-23] INFO  o.e.m.c.i.embedder.EclipseLogger - Copying 0 resource
2017-03-17 10:32:20,080 [Worker-23] INFO  o.e.m.c.i.embedder.EclipseLogger - Copying 1 resource
2017-03-17 10:32:20,087 [Worker-23] INFO  o.e.m.c.i.embedder.EclipseLogger - Using 'UTF-8' encoding to copy filtered resources.
2017-03-17 10:32:20,087 [Worker-23] INFO  o.e.m.c.i.embedder.EclipseLogger - Copying 0 resource
2017-03-17 10:32:33,089 [Worker-23] INFO  o.e.m.c.i.embedder.EclipseLogger - Using 'UTF-8' encoding to copy filtered resources.
2017-03-17 10:32:33,089 [Worker-23] INFO  o.e.m.c.i.embedder.EclipseLogger - Copying 1 resource
2017-03-17 10:32:33,091 [Worker-23] INFO  o.e.m.c.i.embedder.EclipseLogger - Copying 0 resource
2017-03-17 10:32:33,098 [Worker-23] INFO  o.e.m.c.i.embedder.EclipseLogger - Using 'UTF-8' encoding to copy filtered resources.
2017-03-17 10:32:33,098 [Worker-23] INFO  o.e.m.c.i.embedder.EclipseLogger - Copying 0 resource
2017-03-17 10:33:53,074 [Worker-20] INFO  o.e.m.c.i.embedder.EclipseLogger - Using 'UTF-8' encoding to copy filtered resources.
2017-03-17 10:33:53,075 [Worker-20] INFO  o.e.m.c.i.embedder.EclipseLogger - Copying 1 resource
2017-03-17 10:33:53,077 [Worker-20] INFO  o.e.m.c.i.embedder.EclipseLogger - Copying 2 resources
2017-03-17 10:33:53,080 [Worker-20] INFO  o.e.m.c.i.embedder.EclipseLogger - Using 'UTF-8' encoding to copy filtered resources.
2017-03-17 10:33:53,080 [Worker-20] INFO  o.e.m.c.i.embedder.EclipseLogger - Copying 0 resource
2017-03-17 10:34:12,896 [Worker-25] INFO  o.e.m.c.i.embedder.EclipseLogger - Using 'UTF-8' encoding to copy filtered resources.
2017-03-17 10:34:12,897 [Worker-25] INFO  o.e.m.c.i.embedder.EclipseLogger - Copying 1 resource
2017-03-17 10:34:12,899 [Worker-25] INFO  o.e.m.c.i.embedder.EclipseLogger - Copying 0 resource
2017-03-17 10:34:12,902 [Worker-25] INFO  o.e.m.c.i.embedder.EclipseLogger - Using 'UTF-8' encoding to copy filtered resources.
2017-03-17 10:34:12,903 [Worker-25] INFO  o.e.m.c.i.embedder.EclipseLogger - Copying 0 resource
2017-03-17 10:34:24,641 [Worker-17] INFO  o.e.m.c.i.embedder.EclipseLogger - Using 'UTF-8' encoding to copy filtered resources.
2017-03-17 10:34:24,642 [Worker-17] INFO  o.e.m.c.i.embedder.EclipseLogger - Copying 0 resource
2017-03-17 10:34:24,642 [Worker-17] INFO  o.e.m.c.i.embedder.EclipseLogger - Copying 1 resource
2017-03-17 10:34:24,648 [Worker-17] INFO  o.e.m.c.i.embedder.EclipseLogger - Using 'UTF-8' encoding to copy filtered resources.
2017-03-17 10:34:24,648 [Worker-17] INFO  o.e.m.c.i.embedder.EclipseLogger - Copying 0 resource
2017-03-17 10:36:29,158 [Worker-20] INFO  o.e.m.c.i.embedder.EclipseLogger - Using 'UTF-8' encoding to copy filtered resources.
2017-03-17 10:36:29,159 [Worker-20] INFO  o.e.m.c.i.embedder.EclipseLogger - Copying 0 resource
2017-03-17 10:36:29,159 [Worker-20] INFO  o.e.m.c.i.embedder.EclipseLogger - Copying 1 resource
2017-03-17 10:36:29,166 [Worker-20] INFO  o.e.m.c.i.embedder.EclipseLogger - Using 'UTF-8' encoding to copy filtered resources.
2017-03-17 10:36:29,166 [Worker-20] INFO  o.e.m.c.i.embedder.EclipseLogger - Copying 0 resource
2017-03-17 10:39:52,397 [Worker-26] INFO  o.e.m.c.i.l.LifecycleMappingFactory - Using org.eclipse.m2e.jdt.JarLifecycleMapping lifecycle mapping for MavenProject: com.balaji.ms:SampleService:1.0 @ D:\MIcroservices\workspace\SampleService\pom.xml.
2017-03-17 10:39:59,001 [Worker-26] INFO  o.e.m.c.i.e.AbstractTransferListenerAdapter - Downloading https://repo.maven.apache.org/maven2/org/apache/maven/plugins/maven-jar-plugin/2.5/maven-jar-plugin-2.5.pom
2017-03-17 10:39:59,308 [Worker-26] INFO  o.e.m.c.i.e.AbstractTransferListenerAdapter - Downloaded https://repo.maven.apache.org/maven2/org/apache/maven/plugins/maven-jar-plugin/2.5/maven-jar-plugin-2.5.pom
2017-03-17 10:39:59,551 [Worker-26] INFO  o.e.m.c.i.embedder.EclipseLogger - Using 'UTF-8' encoding to copy filtered resources.
2017-03-17 10:39:59,552 [Worker-26] INFO  o.e.m.c.i.embedder.EclipseLogger - Copying 0 resource
2017-03-17 10:39:59,552 [Worker-26] INFO  o.e.m.c.i.embedder.EclipseLogger - Copying 0 resource
2017-03-17 10:39:59,556 [Worker-26] INFO  o.e.m.c.i.embedder.EclipseLogger - Using 'UTF-8' encoding to copy filtered resources.
2017-03-17 10:39:59,556 [Worker-26] INFO  o.e.m.c.i.embedder.EclipseLogger - Copying 0 resource
2017-03-17 10:40:01,656 [Worker-26] INFO  o.e.m.c.i.e.AbstractTransferListenerAdapter - Downloading https://repo.maven.apache.org/maven2/org/codehaus/plexus/plexus-archiver/2.4.4/plexus-archiver-2.4.4.pom
2017-03-17 10:40:01,997 [Worker-26] INFO  o.e.m.c.i.e.AbstractTransferListenerAdapter - Downloaded https://repo.maven.apache.org/maven2/org/codehaus/plexus/plexus-archiver/2.4.4/plexus-archiver-2.4.4.pom
2017-03-17 10:40:02,309 [Worker-26] INFO  o.e.m.c.i.e.AbstractTransferListenerAdapter - Downloading https://repo.maven.apache.org/maven2/org/codehaus/plexus/plexus-io/2.0.10/plexus-io-2.0.10.pom
2017-03-17 10:40:02,648 [Worker-26] INFO  o.e.m.c.i.e.AbstractTransferListenerAdapter - Downloaded https://repo.maven.apache.org/maven2/org/codehaus/plexus/plexus-io/2.0.10/plexus-io-2.0.10.pom
2017-03-17 10:40:02,957 [Worker-26] INFO  o.e.m.c.i.e.AbstractTransferListenerAdapter - Downloading https://repo.maven.apache.org/maven2/org/apache/commons/commons-compress/1.5/commons-compress-1.5.pom
2017-03-17 10:40:03,388 [Worker-26] INFO  o.e.m.c.i.e.AbstractTransferListenerAdapter - Downloaded https://repo.maven.apache.org/maven2/org/apache/commons/commons-compress/1.5/commons-compress-1.5.pom
2017-03-17 10:40:03,719 [Worker-26] INFO  o.e.m.c.i.e.AbstractTransferListenerAdapter - Downloading https://repo.maven.apache.org/maven2/org/tukaani/xz/1.2/xz-1.2.pom
2017-03-17 10:40:04,065 [Worker-26] INFO  o.e.m.c.i.e.AbstractTransferListenerAdapter - Downloaded https://repo.maven.apache.org/maven2/org/tukaani/xz/1.2/xz-1.2.pom
2017-03-17 10:40:04,428 [Worker-26] INFO  o.e.m.c.i.e.AbstractTransferListenerAdapter - Downloading https://repo.maven.apache.org/maven2/org/codehaus/plexus/plexus-archiver/2.4.4/plexus-archiver-2.4.4.jar
2017-03-17 10:40:05,659 [Worker-26] INFO  o.e.m.c.i.e.AbstractTransferListenerAdapter - Downloaded https://repo.maven.apache.org/maven2/org/codehaus/plexus/plexus-archiver/2.4.4/plexus-archiver-2.4.4.jar
2017-03-17 10:40:05,994 [Worker-26] INFO  o.e.m.c.i.e.AbstractTransferListenerAdapter - Downloading https://repo.maven.apache.org/maven2/org/codehaus/plexus/plexus-io/2.0.10/plexus-io-2.0.10.jar
2017-03-17 10:40:06,457 [Worker-26] INFO  o.e.m.c.i.e.AbstractTransferListenerAdapter - Downloaded https://repo.maven.apache.org/maven2/org/codehaus/plexus/plexus-io/2.0.10/plexus-io-2.0.10.jar
2017-03-17 10:40:06,803 [Worker-26] INFO  o.e.m.c.i.e.AbstractTransferListenerAdapter - Downloading https://repo.maven.apache.org/maven2/org/apache/commons/commons-compress/1.5/commons-compress-1.5.jar
2017-03-17 10:40:07,980 [Worker-26] INFO  o.e.m.c.i.e.AbstractTransferListenerAdapter - Downloaded https://repo.maven.apache.org/maven2/org/apache/commons/commons-compress/1.5/commons-compress-1.5.jar
2017-03-17 10:40:08,272 [Worker-26] INFO  o.e.m.c.i.e.AbstractTransferListenerAdapter - Downloading https://repo.maven.apache.org/maven2/org/tukaani/xz/1.2/xz-1.2.jar
2017-03-17 10:40:08,890 [Worker-26] INFO  o.e.m.c.i.e.AbstractTransferListenerAdapter - Downloaded https://repo.maven.apache.org/maven2/org/tukaani/xz/1.2/xz-1.2.jar
2017-03-17 10:40:11,811 [Worker-31] INFO  o.e.m.c.i.l.LifecycleMappingFactory - Using org.eclipse.m2e.jdt.JarLifecycleMapping lifecycle mapping for MavenProject: com.balaji.ms:SampleService:1.0 @ D:\MIcroservices\workspace\SampleService\pom.xml.
2017-03-17 10:40:13,576 [Worker-31] INFO  o.e.m.c.i.embedder.EclipseLogger - Using 'UTF-8' encoding to copy filtered resources.
2017-03-17 10:40:13,578 [Worker-31] INFO  o.e.m.c.i.embedder.EclipseLogger - Copying 1 resource
2017-03-17 10:40:13,588 [Worker-31] INFO  o.e.m.c.i.embedder.EclipseLogger - Copying 2 resources
2017-03-17 10:40:13,597 [Worker-31] INFO  o.e.m.c.i.embedder.EclipseLogger - Using 'UTF-8' encoding to copy filtered resources.
2017-03-17 10:40:13,598 [Worker-31] INFO  o.e.m.c.i.embedder.EclipseLogger - Copying 0 resource
2017-03-17 10:40:15,939 [Worker-20] INFO  o.e.m.c.i.embedder.EclipseLogger - Using 'UTF-8' encoding to copy filtered resources.
2017-03-17 10:40:15,940 [Worker-20] INFO  o.e.m.c.i.embedder.EclipseLogger - Copying 1 resource
2017-03-17 10:40:15,942 [Worker-20] INFO  o.e.m.c.i.embedder.EclipseLogger - Copying 2 resources
2017-03-17 10:40:15,950 [Worker-20] INFO  o.e.m.c.i.embedder.EclipseLogger - Using 'UTF-8' encoding to copy filtered resources.
2017-03-17 10:40:15,950 [Worker-20] INFO  o.e.m.c.i.embedder.EclipseLogger - Copying 0 resource
2017-03-17 10:40:30,330 [Worker-29] INFO  o.e.m.c.i.embedder.EclipseLogger - Using 'UTF-8' encoding to copy filtered resources.
2017-03-17 10:40:30,330 [Worker-29] INFO  o.e.m.c.i.embedder.EclipseLogger - Copying 0 resource
2017-03-17 10:40:30,331 [Worker-29] INFO  o.e.m.c.i.embedder.EclipseLogger - Copying 0 resource
2017-03-17 10:40:30,334 [Worker-29] INFO  o.e.m.c.i.embedder.EclipseLogger - Using 'UTF-8' encoding to copy filtered resources.
2017-03-17 10:40:30,335 [Worker-29] INFO  o.e.m.c.i.embedder.EclipseLogger - Copying 0 resource
2017-03-17 10:43:08,464 [Worker-32] INFO  o.e.m.c.i.embedder.EclipseLogger - Using 'UTF-8' encoding to copy filtered resources.
2017-03-17 10:43:08,465 [Worker-32] INFO  o.e.m.c.i.embedder.EclipseLogger - Copying 0 resource
2017-03-17 10:43:08,466 [Worker-32] INFO  o.e.m.c.i.embedder.EclipseLogger - Copying 1 resource
2017-03-17 10:43:08,472 [Worker-32] INFO  o.e.m.c.i.embedder.EclipseLogger - Using 'UTF-8' encoding to copy filtered resources.
2017-03-17 10:43:08,472 [Worker-32] INFO  o.e.m.c.i.embedder.EclipseLogger - Copying 0 resource
2017-03-17 10:43:22,809 [Worker-33] INFO  o.e.m.c.i.embedder.EclipseLogger - Using 'UTF-8' encoding to copy filtered resources.
2017-03-17 10:43:22,810 [Worker-33] INFO  o.e.m.c.i.embedder.EclipseLogger - Copying 0 resource
2017-03-17 10:43:22,810 [Worker-33] INFO  o.e.m.c.i.embedder.EclipseLogger - Copying 1 resource
2017-03-17 10:43:22,816 [Worker-33] INFO  o.e.m.c.i.embedder.EclipseLogger - Using 'UTF-8' encoding to copy filtered resources.
2017-03-17 10:43:22,817 [Worker-33] INFO  o.e.m.c.i.embedder.EclipseLogger - Copying 0 resource
2017-03-17 10:43:27,282 [Worker-26] INFO  o.e.m.c.i.embedder.EclipseLogger - Using 'UTF-8' encoding to copy filtered resources.
2017-03-17 10:43:27,283 [Worker-26] INFO  o.e.m.c.i.embedder.EclipseLogger - Copying 0 resource
2017-03-17 10:43:27,284 [Worker-26] INFO  o.e.m.c.i.embedder.EclipseLogger - Copying 3 resources
2017-03-17 10:43:27,288 [Worker-26] INFO  o.e.m.c.i.embedder.EclipseLogger - Using 'UTF-8' encoding to copy filtered resources.
2017-03-17 10:43:27,288 [Worker-26] INFO  o.e.m.c.i.embedder.EclipseLogger - Copying 0 resource
2017-03-17 10:51:43,671 [Worker-20] INFO  o.e.m.c.i.embedder.EclipseLogger - Using 'UTF-8' encoding to copy filtered resources.
2017-03-17 10:51:43,671 [Worker-20] INFO  o.e.m.c.i.embedder.EclipseLogger - Copying 0 resource
2017-03-17 10:51:43,672 [Worker-20] INFO  o.e.m.c.i.embedder.EclipseLogger - Copying 1 resource
2017-03-17 10:51:43,685 [Worker-20] INFO  o.e.m.c.i.embedder.EclipseLogger - Using 'UTF-8' encoding to copy filtered resources.
2017-03-17 10:51:43,686 [Worker-20] INFO  o.e.m.c.i.embedder.EclipseLogger - Copying 0 resource
2017-03-17 10:51:56,496 [Worker-30] INFO  o.e.m.c.i.embedder.EclipseLogger - Using 'UTF-8' encoding to copy filtered resources.
2017-03-17 10:51:56,497 [Worker-30] INFO  o.e.m.c.i.embedder.EclipseLogger - Copying 0 resource
2017-03-17 10:51:56,500 [Worker-30] INFO  o.e.m.c.i.embedder.EclipseLogger - Copying 3 resources
2017-03-17 10:51:56,509 [Worker-30] INFO  o.e.m.c.i.embedder.EclipseLogger - Using 'UTF-8' encoding to copy filtered resources.
2017-03-17 10:51:56,510 [Worker-30] INFO  o.e.m.c.i.embedder.EclipseLogger - Copying 0 resource
2017-03-17 10:53:02,154 [Worker-32] INFO  o.e.m.c.i.embedder.EclipseLogger - Using 'UTF-8' encoding to copy filtered resources.
2017-03-17 10:53:02,155 [Worker-32] INFO  o.e.m.c.i.embedder.EclipseLogger - Copying 0 resource
2017-03-17 10:53:02,156 [Worker-32] INFO  o.e.m.c.i.embedder.EclipseLogger - Copying 3 resources
2017-03-17 10:53:02,160 [Worker-32] INFO  o.e.m.c.i.embedder.EclipseLogger - Using 'UTF-8' encoding to copy filtered resources.
2017-03-17 10:53:02,160 [Worker-32] INFO  o.e.m.c.i.embedder.EclipseLogger - Copying 0 resource
2017-03-17 10:54:45,091 [Worker-28] INFO  o.e.m.c.i.embedder.EclipseLogger - Using 'UTF-8' encoding to copy filtered resources.
2017-03-17 10:54:45,092 [Worker-28] INFO  o.e.m.c.i.embedder.EclipseLogger - Copying 0 resource
2017-03-17 10:54:45,093 [Worker-28] INFO  o.e.m.c.i.embedder.EclipseLogger - Copying 3 resources
2017-03-17 10:54:45,097 [Worker-28] INFO  o.e.m.c.i.embedder.EclipseLogger - Using 'UTF-8' encoding to copy filtered resources.
2017-03-17 10:54:45,097 [Worker-28] INFO  o.e.m.c.i.embedder.EclipseLogger - Copying 0 resource
2017-03-17 10:54:57,823 [Worker-26] INFO  o.e.m.c.i.embedder.EclipseLogger - Using 'UTF-8' encoding to copy filtered resources.
2017-03-17 10:54:57,824 [Worker-26] INFO  o.e.m.c.i.embedder.EclipseLogger - Copying 0 resource
2017-03-17 10:54:57,825 [Worker-26] INFO  o.e.m.c.i.embedder.EclipseLogger - Copying 1 resource
2017-03-17 10:54:57,832 [Worker-26] INFO  o.e.m.c.i.embedder.EclipseLogger - Using 'UTF-8' encoding to copy filtered resources.
2017-03-17 10:54:57,832 [Worker-26] INFO  o.e.m.c.i.embedder.EclipseLogger - Copying 0 resource
2017-03-17 10:55:31,431 [Worker-32] INFO  o.e.m.c.i.embedder.EclipseLogger - Using 'UTF-8' encoding to copy filtered resources.
2017-03-17 10:55:31,432 [Worker-32] INFO  o.e.m.c.i.embedder.EclipseLogger - Copying 0 resource
2017-03-17 10:55:31,434 [Worker-32] INFO  o.e.m.c.i.embedder.EclipseLogger - Copying 3 resources
2017-03-17 10:55:31,437 [Worker-32] INFO  o.e.m.c.i.embedder.EclipseLogger - Using 'UTF-8' encoding to copy filtered resources.
2017-03-17 10:55:31,438 [Worker-32] INFO  o.e.m.c.i.embedder.EclipseLogger - Copying 0 resource
2017-03-17 10:56:01,549 [Worker-33] INFO  o.e.m.c.i.embedder.EclipseLogger - Using 'UTF-8' encoding to copy filtered resources.
2017-03-17 10:56:01,550 [Worker-33] INFO  o.e.m.c.i.embedder.EclipseLogger - Copying 0 resource
2017-03-17 10:56:01,551 [Worker-33] INFO  o.e.m.c.i.embedder.EclipseLogger - Copying 3 resources
2017-03-17 10:56:01,555 [Worker-33] INFO  o.e.m.c.i.embedder.EclipseLogger - Using 'UTF-8' encoding to copy filtered resources.
2017-03-17 10:56:01,555 [Worker-33] INFO  o.e.m.c.i.embedder.EclipseLogger - Copying 0 resource
2017-03-17 12:07:55,721 [Worker-49] INFO  o.e.m.c.i.embedder.EclipseLogger - Using 'UTF-8' encoding to copy filtered resources.
2017-03-17 12:07:55,722 [Worker-49] INFO  o.e.m.c.i.embedder.EclipseLogger - Copying 0 resource
2017-03-17 12:07:55,724 [Worker-49] INFO  o.e.m.c.i.embedder.EclipseLogger - Copying 3 resources
2017-03-17 12:07:55,728 [Worker-49] INFO  o.e.m.c.i.embedder.EclipseLogger - Using 'UTF-8' encoding to copy filtered resources.
2017-03-17 12:07:55,729 [Worker-49] INFO  o.e.m.c.i.embedder.EclipseLogger - Copying 0 resource
2017-03-17 12:09:05,409 [Worker-50] INFO  o.e.m.c.i.embedder.EclipseLogger - Using 'UTF-8' encoding to copy filtered resources.
2017-03-17 12:09:05,410 [Worker-50] INFO  o.e.m.c.i.embedder.EclipseLogger - Copying 0 resource
2017-03-17 12:09:05,411 [Worker-50] INFO  o.e.m.c.i.embedder.EclipseLogger - Copying 3 resources
2017-03-17 12:09:05,416 [Worker-50] INFO  o.e.m.c.i.embedder.EclipseLogger - Using 'UTF-8' encoding to copy filtered resources.
2017-03-17 12:09:05,416 [Worker-50] INFO  o.e.m.c.i.embedder.EclipseLogger - Copying 0 resource
2017-03-17 12:15:24,445 [Worker-22] INFO  o.e.m.c.i.embedder.EclipseLogger - Using 'UTF-8' encoding to copy filtered resources.
2017-03-17 12:15:24,454 [Worker-22] INFO  o.e.m.c.i.embedder.EclipseLogger - Copying 0 resource
2017-03-17 12:15:24,455 [Worker-22] INFO  o.e.m.c.i.embedder.EclipseLogger - Copying 3 resources
2017-03-17 12:15:24,462 [Worker-22] INFO  o.e.m.c.i.embedder.EclipseLogger - Using 'UTF-8' encoding to copy filtered resources.
2017-03-17 12:15:24,462 [Worker-22] INFO  o.e.m.c.i.embedder.EclipseLogger - Copying 0 resource
2017-03-17 12:15:36,534 [main] INFO  o.e.m2e.actions.ExecutePomAction - Creating new launch configuration
2017-03-17 12:16:21,837 [Worker-19] INFO  o.e.m.i.launch.MavenLaunchDelegate - D:\MIcroservices\workspace\SampleService
2017-03-17 12:16:21,841 [Worker-19] INFO  o.e.m.i.launch.MavenLaunchDelegate -  mvn -B clean install
2017-03-17 12:17:11,608 [Worker-23] INFO  o.e.m.c.i.embedder.EclipseLogger - Using 'UTF-8' encoding to copy filtered resources.
2017-03-17 12:17:11,620 [Worker-23] INFO  o.e.m.c.i.embedder.EclipseLogger - Copying 0 resource
2017-03-17 12:17:11,622 [Worker-23] INFO  o.e.m.c.i.embedder.EclipseLogger - Copying 3 resources
2017-03-17 12:17:11,632 [Worker-23] INFO  o.e.m.c.i.embedder.EclipseLogger - Using 'UTF-8' encoding to copy filtered resources.
2017-03-17 12:17:11,633 [Worker-23] INFO  o.e.m.c.i.embedder.EclipseLogger - Copying 0 resource
2017-03-17 12:17:28,891 [main] INFO  o.e.m2e.actions.ExecutePomAction - Using existing launch configuration
2017-03-17 12:17:28,926 [Worker-0] INFO  o.e.m.i.launch.MavenLaunchDelegate - D:\MIcroservices\workspace\SampleService
2017-03-17 12:17:28,926 [Worker-0] INFO  o.e.m.i.launch.MavenLaunchDelegate -  mvn -B clean install
2017-03-17 12:18:16,083 [Worker-22] INFO  o.e.m.c.i.embedder.EclipseLogger - Using 'UTF-8' encoding to copy filtered resources.
2017-03-17 12:18:16,085 [Worker-22] INFO  o.e.m.c.i.embedder.EclipseLogger - Copying 0 resource
2017-03-17 12:18:16,086 [Worker-22] INFO  o.e.m.c.i.embedder.EclipseLogger - Copying 3 resources
2017-03-17 12:18:16,089 [Worker-22] INFO  o.e.m.c.i.embedder.EclipseLogger - Using 'UTF-8' encoding to copy filtered resources.
2017-03-17 12:18:16,091 [Worker-22] INFO  o.e.m.c.i.embedder.EclipseLogger - Copying 0 resource
2017-03-17 12:18:31,504 [main] INFO  o.e.m2e.actions.ExecutePomAction - Using existing launch configuration
2017-03-17 12:18:31,580 [Worker-0] INFO  o.e.m.i.launch.MavenLaunchDelegate - D:\MIcroservices\workspace\SampleService
2017-03-17 12:18:31,580 [Worker-0] INFO  o.e.m.i.launch.MavenLaunchDelegate -  mvn -B clean install
2017-03-17 12:19:44,890 [Worker-25] INFO  o.e.m.c.i.p.ProjectConfigurationManager - Update started
2017-03-17 12:19:46,370 [Worker-25] INFO  o.e.m.c.i.l.LifecycleMappingFactory - Using org.eclipse.m2e.jdt.JarLifecycleMapping lifecycle mapping for MavenProject: com.balaji.ms:SampleService:1.0 @ D:\MIcroservices\workspace\SampleService\pom.xml.
2017-03-17 12:19:48,363 [Worker-25] INFO  o.e.m.j.i.AbstractJavaProjectConfigurator - Adding source folder /SampleService/src/main/java
2017-03-17 12:19:48,364 [Worker-25] INFO  o.e.m.j.i.AbstractJavaProjectConfigurator - Adding resource folder /SampleService/src/main/resources
2017-03-17 12:19:48,365 [Worker-25] INFO  o.e.m.j.i.AbstractJavaProjectConfigurator - Adding resource folder /SampleService/src/main/resources
2017-03-17 12:19:48,365 [Worker-25] INFO  o.e.m.j.i.AbstractJavaProjectConfigurator - Adding source folder /SampleService/src/test/java
2017-03-17 12:19:48,366 [Worker-25] INFO  o.e.m.j.i.AbstractJavaProjectConfigurator - Adding resource folder /SampleService/src/test/resources
2017-03-17 12:19:49,203 [Worker-25] INFO  o.e.m.c.i.p.ProjectConfigurationManager - Update completed: 4 sec
2017-03-17 12:20:17,360 [Worker-23] INFO  o.e.m.c.i.embedder.EclipseLogger - Using 'UTF-8' encoding to copy filtered resources.
2017-03-17 12:20:17,361 [Worker-23] INFO  o.e.m.c.i.embedder.EclipseLogger - Copying 0 resource
2017-03-17 12:20:17,361 [Worker-23] INFO  o.e.m.c.i.embedder.EclipseLogger - Copying 3 resources
2017-03-17 12:20:17,375 [Worker-23] INFO  o.e.m.c.i.embedder.EclipseLogger - Using 'UTF-8' encoding to copy filtered resources.
2017-03-17 12:20:17,375 [Worker-23] INFO  o.e.m.c.i.embedder.EclipseLogger - Copying 0 resource
2017-03-17 12:20:22,556 [Worker-24] INFO  o.e.m.c.i.embedder.EclipseLogger - Using 'UTF-8' encoding to copy filtered resources.
2017-03-17 12:20:22,557 [Worker-24] INFO  o.e.m.c.i.embedder.EclipseLogger - Copying 0 resource
2017-03-17 12:20:22,557 [Worker-24] INFO  o.e.m.c.i.embedder.EclipseLogger - Copying 0 resource
2017-03-17 12:20:22,559 [Worker-24] INFO  o.e.m.c.i.embedder.EclipseLogger - Using 'UTF-8' encoding to copy filtered resources.
2017-03-17 12:20:22,559 [Worker-24] INFO  o.e.m.c.i.embedder.EclipseLogger - Copying 0 resource
2017-03-17 12:32:12,471 [Worker-31] INFO  o.e.m.c.i.embedder.EclipseLogger - Using 'UTF-8' encoding to copy filtered resources.
2017-03-17 12:32:12,472 [Worker-31] INFO  o.e.m.c.i.embedder.EclipseLogger - Copying 0 resource
2017-03-17 12:32:12,474 [Worker-31] INFO  o.e.m.c.i.embedder.EclipseLogger - Copying 3 resources
2017-03-17 12:32:12,477 [Worker-31] INFO  o.e.m.c.i.embedder.EclipseLogger - Using 'UTF-8' encoding to copy filtered resources.
2017-03-17 12:32:12,478 [Worker-31] INFO  o.e.m.c.i.embedder.EclipseLogger - Copying 0 resource
2017-03-17 12:33:58,780 [Worker-34] INFO  o.e.m.c.i.embedder.EclipseLogger - Using 'UTF-8' encoding to copy filtered resources.
2017-03-17 12:33:58,781 [Worker-34] INFO  o.e.m.c.i.embedder.EclipseLogger - Copying 0 resource
2017-03-17 12:33:58,782 [Worker-34] INFO  o.e.m.c.i.embedder.EclipseLogger - Copying 3 resources
2017-03-17 12:33:58,786 [Worker-34] INFO  o.e.m.c.i.embedder.EclipseLogger - Using 'UTF-8' encoding to copy filtered resources.
2017-03-17 12:33:58,786 [Worker-34] INFO  o.e.m.c.i.embedder.EclipseLogger - Copying 0 resource
2017-03-17 12:35:59,121 [Worker-34] INFO  o.e.m.c.i.l.LifecycleMappingFactory - Using org.eclipse.m2e.jdt.JarLifecycleMapping lifecycle mapping for MavenProject: org.springframework.samples.service.service:microservice-demo:1.1.0.RELEASE @ D:\MIcroservices\sts-workspace\microservice-demo\pom.xml.
2017-03-17 12:36:04,624 [Worker-34] INFO  o.e.m.c.i.embedder.EclipseLogger - Using 'UTF-8' encoding to copy filtered resources.
2017-03-17 12:36:04,626 [Worker-34] INFO  o.e.m.c.i.embedder.EclipseLogger - Copying 0 resource
2017-03-17 12:36:04,629 [Worker-34] INFO  o.e.m.c.i.embedder.EclipseLogger - Copying 24 resources
2017-03-17 12:36:04,701 [Worker-34] INFO  o.e.m.c.i.embedder.EclipseLogger - Using 'UTF-8' encoding to copy filtered resources.
2017-03-17 12:36:04,701 [Worker-34] INFO  o.e.m.c.i.embedder.EclipseLogger - skip non existing resourceDirectory D:\MIcroservices\sts-workspace\microservice-demo\src\test\resources
2017-03-17 12:36:07,310 [Worker-27] INFO  o.e.m.c.i.embedder.EclipseLogger - Using 'UTF-8' encoding to copy filtered resources.
2017-03-17 12:36:07,312 [Worker-27] INFO  o.e.m.c.i.embedder.EclipseLogger - Copying 0 resource
2017-03-17 12:36:07,314 [Worker-27] INFO  o.e.m.c.i.embedder.EclipseLogger - Copying 24 resources
2017-03-17 12:36:07,367 [Worker-27] INFO  o.e.m.c.i.embedder.EclipseLogger - Using 'UTF-8' encoding to copy filtered resources.
2017-03-17 12:36:07,367 [Worker-27] INFO  o.e.m.c.i.embedder.EclipseLogger - skip non existing resourceDirectory D:\MIcroservices\sts-workspace\microservice-demo\src\test\resources
2017-03-17 12:45:57,258 [Worker-36] INFO  o.e.m.c.i.embedder.EclipseLogger - Using 'UTF-8' encoding to copy filtered resources.
2017-03-17 12:45:57,514 [Worker-36] INFO  o.e.m.c.i.embedder.EclipseLogger - Copying 0 resource
2017-03-17 12:45:57,516 [Worker-36] INFO  o.e.m.c.i.embedder.EclipseLogger - Copying 3 resources
2017-03-17 12:45:57,520 [Worker-36] INFO  o.e.m.c.i.embedder.EclipseLogger - Using 'UTF-8' encoding to copy filtered resources.
2017-03-17 12:45:57,521 [Worker-36] INFO  o.e.m.c.i.embedder.EclipseLogger - Copying 0 resource
2017-03-17 18:50:45,850 [Worker-173] INFO  o.e.m.c.i.embedder.EclipseLogger - Using 'UTF-8' encoding to copy filtered resources.
2017-03-17 18:50:46,042 [Worker-173] INFO  o.e.m.c.i.embedder.EclipseLogger - Copying 0 resource
2017-03-17 18:50:46,044 [Worker-173] INFO  o.e.m.c.i.embedder.EclipseLogger - Copying 2 resources
2017-03-17 18:50:46,182 [Worker-173] INFO  o.e.m.c.i.embedder.EclipseLogger - Using 'UTF-8' encoding to copy filtered resources.
2017-03-17 18:50:46,213 [Worker-173] INFO  o.e.m.c.i.embedder.EclipseLogger - Copying 0 resource
2017-03-17 19:26:41,263 [Worker-174] INFO  o.e.m.c.i.embedder.EclipseLogger - Using 'UTF-8' encoding to copy filtered resources.
2017-03-17 19:26:41,385 [Worker-174] INFO  o.e.m.c.i.embedder.EclipseLogger - Copying 0 resource
2017-03-17 19:26:41,388 [Worker-174] INFO  o.e.m.c.i.embedder.EclipseLogger - Copying 5 resources
2017-03-17 19:26:41,398 [Worker-174] INFO  o.e.m.c.i.embedder.EclipseLogger - Using 'UTF-8' encoding to copy filtered resources.
2017-03-17 19:26:41,399 [Worker-174] INFO  o.e.m.c.i.embedder.EclipseLogger - Copying 0 resource
2017-03-17 19:27:07,602 [Worker-193] INFO  o.e.m.c.i.embedder.EclipseLogger - Using 'UTF-8' encoding to copy filtered resources.
2017-03-17 19:27:07,603 [Worker-193] INFO  o.e.m.c.i.embedder.EclipseLogger - Copying 0 resource
2017-03-17 19:27:07,604 [Worker-193] INFO  o.e.m.c.i.embedder.EclipseLogger - Copying 5 resources
2017-03-17 19:27:07,608 [Worker-193] INFO  o.e.m.c.i.embedder.EclipseLogger - Using 'UTF-8' encoding to copy filtered resources.
2017-03-17 19:27:07,608 [Worker-193] INFO  o.e.m.c.i.embedder.EclipseLogger - Copying 0 resource
2017-03-17 19:27:40,612 [Worker-19] INFO  o.e.m.c.i.embedder.EclipseLogger - Using 'UTF-8' encoding to copy filtered resources.
2017-03-17 19:27:40,613 [Worker-19] INFO  o.e.m.c.i.embedder.EclipseLogger - Copying 0 resource
2017-03-17 19:27:40,614 [Worker-19] INFO  o.e.m.c.i.embedder.EclipseLogger - Copying 5 resources
2017-03-17 19:27:40,617 [Worker-19] INFO  o.e.m.c.i.embedder.EclipseLogger - Using 'UTF-8' encoding to copy filtered resources.
2017-03-17 19:27:40,617 [Worker-19] INFO  o.e.m.c.i.embedder.EclipseLogger - Copying 0 resource
2017-03-17 19:27:49,815 [Worker-43] INFO  o.e.m.c.i.embedder.EclipseLogger - Using 'UTF-8' encoding to copy filtered resources.
2017-03-17 19:27:49,817 [Worker-43] INFO  o.e.m.c.i.embedder.EclipseLogger - Copying 0 resource
2017-03-17 19:27:49,818 [Worker-43] INFO  o.e.m.c.i.embedder.EclipseLogger - Copying 5 resources
2017-03-17 19:27:49,821 [Worker-43] INFO  o.e.m.c.i.embedder.EclipseLogger - Using 'UTF-8' encoding to copy filtered resources.
2017-03-17 19:27:49,821 [Worker-43] INFO  o.e.m.c.i.embedder.EclipseLogger - Copying 0 resource
2017-03-17 19:28:00,298 [Worker-193] INFO  o.e.m.c.i.embedder.EclipseLogger - Using 'UTF-8' encoding to copy filtered resources.
2017-03-17 19:28:00,299 [Worker-193] INFO  o.e.m.c.i.embedder.EclipseLogger - Copying 0 resource
2017-03-17 19:28:00,300 [Worker-193] INFO  o.e.m.c.i.embedder.EclipseLogger - Copying 5 resources
2017-03-17 19:28:00,304 [Worker-193] INFO  o.e.m.c.i.embedder.EclipseLogger - Using 'UTF-8' encoding to copy filtered resources.
2017-03-17 19:28:00,304 [Worker-193] INFO  o.e.m.c.i.embedder.EclipseLogger - Copying 0 resource
2017-03-17 19:29:54,550 [Worker-194] INFO  o.e.m.c.i.embedder.EclipseLogger - Using 'UTF-8' encoding to copy filtered resources.
2017-03-17 19:29:54,550 [Worker-194] INFO  o.e.m.c.i.embedder.EclipseLogger - Copying 0 resource
2017-03-17 19:29:54,551 [Worker-194] INFO  o.e.m.c.i.embedder.EclipseLogger - Copying 1 resource
2017-03-17 19:29:54,558 [Worker-194] INFO  o.e.m.c.i.embedder.EclipseLogger - Using 'UTF-8' encoding to copy filtered resources.
2017-03-17 19:29:54,558 [Worker-194] INFO  o.e.m.c.i.embedder.EclipseLogger - Copying 0 resource
2017-03-17 19:46:40,758 [Worker-199] INFO  o.e.m.c.i.l.LifecycleMappingFactory - Using org.eclipse.m2e.jdt.JarLifecycleMapping lifecycle mapping for MavenProject: com.balaji.ms:customer-service:0.0.1-SNAPSHOT @ D:\MIcroservices\sts-workspace\customer-service\pom.xml.
2017-03-17 19:46:44,775 [Worker-199] INFO  o.e.m.j.i.AbstractJavaProjectConfigurator - Adding source folder /customer-service/src/main/java
2017-03-17 19:46:44,776 [Worker-199] INFO  o.e.m.j.i.AbstractJavaProjectConfigurator - Adding resource folder /customer-service/src/main/resources
2017-03-17 19:46:44,778 [Worker-199] INFO  o.e.m.j.i.AbstractJavaProjectConfigurator - Adding source folder /customer-service/src/test/java
2017-03-17 19:46:44,778 [Worker-199] INFO  o.e.m.j.i.AbstractJavaProjectConfigurator - Adding resource folder /customer-service/src/test/resources
2017-03-17 19:46:46,024 [Worker-200] WARN  o.e.m.c.i.embedder.EclipseLogger - Using platform encoding (Cp1252 actually) to copy filtered resources, i.e. build is platform dependent!
2017-03-17 19:46:46,136 [Worker-200] INFO  o.e.m.c.i.embedder.EclipseLogger - Copying 0 resource
2017-03-17 19:46:46,140 [Worker-200] WARN  o.e.m.c.i.embedder.EclipseLogger - Using platform encoding (Cp1252 actually) to copy filtered resources, i.e. build is platform dependent!
2017-03-17 19:46:46,142 [Worker-200] INFO  o.e.m.c.i.embedder.EclipseLogger - Copying 0 resource
2017-03-17 19:47:05,189 [Worker-200] INFO  o.e.m.c.i.l.LifecycleMappingFactory - Using org.eclipse.m2e.jdt.JarLifecycleMapping lifecycle mapping for MavenProject: com.balaji.ms:order-service:0.0.1-SNAPSHOT @ D:\MIcroservices\sts-workspace\order-service\pom.xml.
2017-03-17 19:47:05,364 [Worker-200] INFO  o.e.m.j.i.AbstractJavaProjectConfigurator - Adding source folder /order-service/src/main/java
2017-03-17 19:47:05,364 [Worker-200] INFO  o.e.m.j.i.AbstractJavaProjectConfigurator - Adding resource folder /order-service/src/main/resources
2017-03-17 19:47:05,365 [Worker-200] INFO  o.e.m.j.i.AbstractJavaProjectConfigurator - Adding source folder /order-service/src/test/java
2017-03-17 19:47:05,365 [Worker-200] INFO  o.e.m.j.i.AbstractJavaProjectConfigurator - Adding resource folder /order-service/src/test/resources
2017-03-17 19:47:05,834 [Worker-198] WARN  o.e.m.c.i.embedder.EclipseLogger - Using platform encoding (Cp1252 actually) to copy filtered resources, i.e. build is platform dependent!
2017-03-17 19:47:05,836 [Worker-198] INFO  o.e.m.c.i.embedder.EclipseLogger - Copying 0 resource
2017-03-17 19:47:05,838 [Worker-198] WARN  o.e.m.c.i.embedder.EclipseLogger - Using platform encoding (Cp1252 actually) to copy filtered resources, i.e. build is platform dependent!
2017-03-17 19:47:05,840 [Worker-198] INFO  o.e.m.c.i.embedder.EclipseLogger - Copying 0 resource
2017-03-17 19:50:54,511 [Worker-199] INFO  o.e.m.c.i.l.LifecycleMappingFactory - Using org.eclipse.m2e.jdt.JarLifecycleMapping lifecycle mapping for MavenProject: com.balaji.ms:service-registry:0.0.1-SNAPSHOT @ D:\MIcroservices\sts-workspace\service-registry\pom.xml.
2017-03-17 19:50:54,920 [Worker-199] INFO  o.e.m.j.i.AbstractJavaProjectConfigurator - Adding source folder /service-registry/src/main/java
2017-03-17 19:50:54,920 [Worker-199] INFO  o.e.m.j.i.AbstractJavaProjectConfigurator - Adding resource folder /service-registry/src/main/resources
2017-03-17 19:50:54,921 [Worker-199] INFO  o.e.m.j.i.AbstractJavaProjectConfigurator - Adding source folder /service-registry/src/test/java
2017-03-17 19:50:54,921 [Worker-199] INFO  o.e.m.j.i.AbstractJavaProjectConfigurator - Adding resource folder /service-registry/src/test/resources
2017-03-17 19:50:55,385 [Worker-199] WARN  o.e.m.c.i.embedder.EclipseLogger - Using platform encoding (Cp1252 actually) to copy filtered resources, i.e. build is platform dependent!
2017-03-17 19:50:55,387 [Worker-199] INFO  o.e.m.c.i.embedder.EclipseLogger - Copying 0 resource
2017-03-17 19:50:55,388 [Worker-199] WARN  o.e.m.c.i.embedder.EclipseLogger - Using platform encoding (Cp1252 actually) to copy filtered resources, i.e. build is platform dependent!
2017-03-17 19:50:55,389 [Worker-199] INFO  o.e.m.c.i.embedder.EclipseLogger - Copying 0 resource
2017-03-17 19:53:18,271 [Worker-205] WARN  o.e.m.c.i.embedder.EclipseLogger - Using platform encoding (Cp1252 actually) to copy filtered resources, i.e. build is platform dependent!
2017-03-17 19:53:18,273 [Worker-205] INFO  o.e.m.c.i.embedder.EclipseLogger - Copying 0 resource
2017-03-17 19:53:18,275 [Worker-205] WARN  o.e.m.c.i.embedder.EclipseLogger - Using platform encoding (Cp1252 actually) to copy filtered resources, i.e. build is platform dependent!
2017-03-17 19:53:18,277 [Worker-205] INFO  o.e.m.c.i.embedder.EclipseLogger - Copying 0 resource
2017-03-17 19:55:14,305 [Worker-205] INFO  o.e.m.c.i.l.LifecycleMappingFactory - Using org.eclipse.m2e.jdt.JarLifecycleMapping lifecycle mapping for MavenProject: com.balaji.ms:service-registry:0.0.1-SNAPSHOT @ D:\MIcroservices\sts-workspace\service-registry\pom.xml.
2017-03-17 19:55:20,835 [Worker-205] INFO  o.e.m.c.i.embedder.EclipseLogger - Using 'UTF-8' encoding to copy filtered resources.
2017-03-17 19:55:20,835 [Worker-205] INFO  o.e.m.c.i.embedder.EclipseLogger - Copying 0 resource
2017-03-17 19:55:20,835 [Worker-205] INFO  o.e.m.c.i.embedder.EclipseLogger - Copying 0 resource
2017-03-17 19:55:20,838 [Worker-205] INFO  o.e.m.c.i.embedder.EclipseLogger - Using 'UTF-8' encoding to copy filtered resources.
2017-03-17 19:55:20,838 [Worker-205] INFO  o.e.m.c.i.embedder.EclipseLogger - Copying 0 resource
2017-03-17 19:55:22,959 [Worker-207] INFO  o.e.m.c.i.embedder.EclipseLogger - Using 'UTF-8' encoding to copy filtered resources.
2017-03-17 19:55:22,959 [Worker-207] INFO  o.e.m.c.i.embedder.EclipseLogger - Copying 0 resource
2017-03-17 19:55:22,960 [Worker-207] INFO  o.e.m.c.i.embedder.EclipseLogger - Copying 0 resource
2017-03-17 19:55:22,962 [Worker-207] INFO  o.e.m.c.i.embedder.EclipseLogger - Using 'UTF-8' encoding to copy filtered resources.
2017-03-17 19:55:22,962 [Worker-207] INFO  o.e.m.c.i.embedder.EclipseLogger - Copying 0 resource
2017-03-17 19:58:30,869 [Worker-201] INFO  o.e.m.c.i.embedder.EclipseLogger - Using 'UTF-8' encoding to copy filtered resources.
2017-03-17 19:58:30,870 [Worker-201] INFO  o.e.m.c.i.embedder.EclipseLogger - Copying 0 resource
2017-03-17 19:58:30,870 [Worker-201] INFO  o.e.m.c.i.embedder.EclipseLogger - Copying 0 resource
2017-03-17 19:58:30,873 [Worker-201] INFO  o.e.m.c.i.embedder.EclipseLogger - Using 'UTF-8' encoding to copy filtered resources.
2017-03-17 19:58:30,873 [Worker-201] INFO  o.e.m.c.i.embedder.EclipseLogger - Copying 0 resource
2017-03-17 19:59:10,516 [Worker-205] INFO  o.e.m.c.i.embedder.EclipseLogger - Using 'UTF-8' encoding to copy filtered resources.
2017-03-17 19:59:10,517 [Worker-205] INFO  o.e.m.c.i.embedder.EclipseLogger - Copying 0 resource
2017-03-17 19:59:10,518 [Worker-205] INFO  o.e.m.c.i.embedder.EclipseLogger - Copying 1 resource
2017-03-17 19:59:10,524 [Worker-205] INFO  o.e.m.c.i.embedder.EclipseLogger - Using 'UTF-8' encoding to copy filtered resources.
2017-03-17 19:59:10,524 [Worker-205] INFO  o.e.m.c.i.embedder.EclipseLogger - Copying 0 resource
2017-03-17 20:00:57,398 [Worker-211] INFO  o.e.m.c.i.embedder.EclipseLogger - Using 'UTF-8' encoding to copy filtered resources.
2017-03-17 20:00:57,399 [Worker-211] INFO  o.e.m.c.i.embedder.EclipseLogger - Copying 0 resource
2017-03-17 20:00:57,400 [Worker-211] INFO  o.e.m.c.i.embedder.EclipseLogger - Copying 1 resource
2017-03-17 20:00:57,406 [Worker-211] INFO  o.e.m.c.i.embedder.EclipseLogger - Using 'UTF-8' encoding to copy filtered resources.
2017-03-17 20:00:57,406 [Worker-211] INFO  o.e.m.c.i.embedder.EclipseLogger - Copying 0 resource
2017-03-17 20:02:18,066 [Worker-209] INFO  o.e.m.c.i.embedder.EclipseLogger - Using 'UTF-8' encoding to copy filtered resources.
2017-03-17 20:02:18,067 [Worker-209] INFO  o.e.m.c.i.embedder.EclipseLogger - Copying 0 resource
2017-03-17 20:02:18,067 [Worker-209] INFO  o.e.m.c.i.embedder.EclipseLogger - Copying 1 resource
2017-03-17 20:02:18,073 [Worker-209] INFO  o.e.m.c.i.embedder.EclipseLogger - Using 'UTF-8' encoding to copy filtered resources.
2017-03-17 20:02:18,073 [Worker-209] INFO  o.e.m.c.i.embedder.EclipseLogger - Copying 0 resource
2017-03-17 20:03:52,878 [Worker-214] INFO  o.e.m.c.i.p.ProjectConfigurationManager - Update started
2017-03-17 20:03:53,515 [Worker-214] INFO  o.e.m.c.i.l.LifecycleMappingFactory - Using org.eclipse.m2e.jdt.JarLifecycleMapping lifecycle mapping for MavenProject: com.balaji.ms:service-registry:0.0.1-SNAPSHOT @ D:\MIcroservices\sts-workspace\service-registry\pom.xml.
2017-03-17 20:03:54,750 [Worker-214] INFO  o.e.m.j.i.AbstractJavaProjectConfigurator - Adding source folder /service-registry/src/main/java
2017-03-17 20:03:54,751 [Worker-214] INFO  o.e.m.j.i.AbstractJavaProjectConfigurator - Adding resource folder /service-registry/src/main/resources
2017-03-17 20:03:54,761 [Worker-214] INFO  o.e.m.j.i.AbstractJavaProjectConfigurator - Adding resource folder /service-registry/src/main/resources
2017-03-17 20:03:54,809 [Worker-214] INFO  o.e.m.j.i.AbstractJavaProjectConfigurator - Adding source folder /service-registry/src/test/java
2017-03-17 20:03:54,810 [Worker-214] INFO  o.e.m.j.i.AbstractJavaProjectConfigurator - Adding resource folder /service-registry/src/test/resources
2017-03-17 20:03:55,599 [Worker-214] INFO  o.e.m.c.i.p.ProjectConfigurationManager - Update completed: 2 sec
2017-03-17 20:03:57,366 [Worker-217] INFO  o.e.m.c.i.embedder.EclipseLogger - Using 'UTF-8' encoding to copy filtered resources.
2017-03-17 20:03:57,367 [Worker-217] INFO  o.e.m.c.i.embedder.EclipseLogger - Copying 0 resource
2017-03-17 20:03:57,367 [Worker-217] INFO  o.e.m.c.i.embedder.EclipseLogger - Copying 1 resource
2017-03-17 20:03:57,373 [Worker-217] INFO  o.e.m.c.i.embedder.EclipseLogger - Using 'UTF-8' encoding to copy filtered resources.
2017-03-17 20:03:57,373 [Worker-217] INFO  o.e.m.c.i.embedder.EclipseLogger - Copying 0 resource
2017-03-17 20:03:58,693 [Worker-217] INFO  o.e.m.c.i.embedder.EclipseLogger - Using 'UTF-8' encoding to copy filtered resources.
2017-03-17 20:03:58,693 [Worker-217] INFO  o.e.m.c.i.embedder.EclipseLogger - Copying 0 resource
2017-03-17 20:03:58,694 [Worker-217] INFO  o.e.m.c.i.embedder.EclipseLogger - Copying 0 resource
2017-03-17 20:03:58,696 [Worker-217] INFO  o.e.m.c.i.embedder.EclipseLogger - Using 'UTF-8' encoding to copy filtered resources.
2017-03-17 20:03:58,696 [Worker-217] INFO  o.e.m.c.i.embedder.EclipseLogger - Copying 0 resource
2017-03-17 20:06:03,336 [Worker-219] INFO  o.e.m.c.i.embedder.EclipseLogger - Using 'UTF-8' encoding to copy filtered resources.
2017-03-17 20:06:03,337 [Worker-219] INFO  o.e.m.c.i.embedder.EclipseLogger - Copying 0 resource
2017-03-17 20:06:03,338 [Worker-219] INFO  o.e.m.c.i.embedder.EclipseLogger - Copying 1 resource
2017-03-17 20:06:03,341 [Worker-219] INFO  o.e.m.c.i.embedder.EclipseLogger - Using 'UTF-8' encoding to copy filtered resources.
2017-03-17 20:06:03,341 [Worker-219] INFO  o.e.m.c.i.embedder.EclipseLogger - Copying 0 resource
2017-03-17 20:06:59,253 [Worker-223] INFO  o.e.m.c.i.e.AbstractTransferListenerAdapter - Downloading https://repo.maven.apache.org/maven2/org/apache/tomcat/embed/tomcat-embed-core/8.0.33/tomcat-embed-core-8.0.33-sources.jar
2017-03-17 20:07:07,393 [Worker-223] INFO  o.e.m.c.i.e.AbstractTransferListenerAdapter - Downloaded https://repo.maven.apache.org/maven2/org/apache/tomcat/embed/tomcat-embed-core/8.0.33/tomcat-embed-core-8.0.33-sources.jar
2017-03-17 20:07:07,717 [Worker-223] INFO  o.e.m.j.internal.DownloadSourcesJob - Downloaded sources for org.apache.tomcat.embed:tomcat-embed-core:8.0.33
2017-03-17 20:07:08,503 [Worker-219] INFO  o.e.m.c.i.embedder.EclipseLogger - Using 'UTF-8' encoding to copy filtered resources.
2017-03-17 20:07:08,503 [Worker-219] INFO  o.e.m.c.i.embedder.EclipseLogger - Copying 0 resource
2017-03-17 20:07:08,503 [Worker-219] INFO  o.e.m.c.i.embedder.EclipseLogger - Copying 0 resource
2017-03-17 20:07:08,506 [Worker-219] INFO  o.e.m.c.i.embedder.EclipseLogger - Using 'UTF-8' encoding to copy filtered resources.
2017-03-17 20:07:08,507 [Worker-219] INFO  o.e.m.c.i.embedder.EclipseLogger - Copying 0 resource
2017-03-17 20:17:56,002 [Worker-229] INFO  o.e.m.c.i.l.LifecycleMappingFactory - Using org.eclipse.m2e.jdt.JarLifecycleMapping lifecycle mapping for MavenProject: com.balaji.ms:order-service:0.0.1-SNAPSHOT @ D:\MIcroservices\sts-workspace\order-service\pom.xml.
2017-03-17 20:17:57,611 [Worker-229] INFO  o.e.m.c.i.embedder.EclipseLogger - Using 'UTF-8' encoding to copy filtered resources.
2017-03-17 20:17:57,611 [Worker-229] INFO  o.e.m.c.i.embedder.EclipseLogger - Copying 0 resource
2017-03-17 20:17:57,612 [Worker-229] INFO  o.e.m.c.i.embedder.EclipseLogger - Copying 0 resource
2017-03-17 20:17:57,616 [Worker-229] INFO  o.e.m.c.i.embedder.EclipseLogger - Using 'UTF-8' encoding to copy filtered resources.
2017-03-17 20:17:57,616 [Worker-229] INFO  o.e.m.c.i.embedder.EclipseLogger - Copying 0 resource
2017-03-17 20:18:00,578 [Worker-229] INFO  o.e.m.c.i.embedder.EclipseLogger - Using 'UTF-8' encoding to copy filtered resources.
2017-03-17 20:18:00,579 [Worker-229] INFO  o.e.m.c.i.embedder.EclipseLogger - Copying 0 resource
2017-03-17 20:18:00,580 [Worker-229] INFO  o.e.m.c.i.embedder.EclipseLogger - Copying 0 resource
2017-03-17 20:18:00,583 [Worker-229] INFO  o.e.m.c.i.embedder.EclipseLogger - Using 'UTF-8' encoding to copy filtered resources.
2017-03-17 20:18:00,583 [Worker-229] INFO  o.e.m.c.i.embedder.EclipseLogger - Copying 0 resource
2017-03-17 20:18:12,089 [Worker-232] INFO  o.e.m.c.i.l.LifecycleMappingFactory - Using org.eclipse.m2e.jdt.JarLifecycleMapping lifecycle mapping for MavenProject: com.balaji.ms:customer-service:0.0.1-SNAPSHOT @ D:\MIcroservices\sts-workspace\customer-service\pom.xml.
2017-03-17 20:18:13,335 [Worker-232] INFO  o.e.m.c.i.embedder.EclipseLogger - Using 'UTF-8' encoding to copy filtered resources.
2017-03-17 20:18:13,335 [Worker-232] INFO  o.e.m.c.i.embedder.EclipseLogger - Copying 0 resource
2017-03-17 20:18:13,335 [Worker-232] INFO  o.e.m.c.i.embedder.EclipseLogger - Copying 0 resource
2017-03-17 20:18:13,338 [Worker-232] INFO  o.e.m.c.i.embedder.EclipseLogger - Using 'UTF-8' encoding to copy filtered resources.
2017-03-17 20:18:13,338 [Worker-232] INFO  o.e.m.c.i.embedder.EclipseLogger - Copying 0 resource
2017-03-17 20:18:15,413 [Worker-234] INFO  o.e.m.c.i.embedder.EclipseLogger - Using 'UTF-8' encoding to copy filtered resources.
2017-03-17 20:18:15,414 [Worker-234] INFO  o.e.m.c.i.embedder.EclipseLogger - Copying 0 resource
2017-03-17 20:18:15,414 [Worker-234] INFO  o.e.m.c.i.embedder.EclipseLogger - Copying 0 resource
2017-03-17 20:18:15,416 [Worker-234] INFO  o.e.m.c.i.embedder.EclipseLogger - Using 'UTF-8' encoding to copy filtered resources.
2017-03-17 20:18:15,417 [Worker-234] INFO  o.e.m.c.i.embedder.EclipseLogger - Copying 0 resource
2017-03-17 20:18:26,835 [Worker-216] INFO  o.e.m.c.i.p.ProjectConfigurationManager - Update started
2017-03-17 20:18:27,446 [Worker-216] INFO  o.e.m.c.i.l.LifecycleMappingFactory - Using org.eclipse.m2e.jdt.JarLifecycleMapping lifecycle mapping for MavenProject: com.balaji.ms:customer-service:0.0.1-SNAPSHOT @ D:\MIcroservices\sts-workspace\customer-service\pom.xml.
2017-03-17 20:18:28,251 [Worker-216] INFO  o.e.m.c.i.l.LifecycleMappingFactory - Using org.eclipse.m2e.jdt.JarLifecycleMapping lifecycle mapping for MavenProject: com.balaji.ms:order-service:0.0.1-SNAPSHOT @ D:\MIcroservices\sts-workspace\order-service\pom.xml.
2017-03-17 20:18:28,950 [Worker-216] INFO  o.e.m.j.i.AbstractJavaProjectConfigurator - Adding source folder /customer-service/src/main/java
2017-03-17 20:18:28,951 [Worker-216] INFO  o.e.m.j.i.AbstractJavaProjectConfigurator - Adding resource folder /customer-service/src/main/resources
2017-03-17 20:18:28,973 [Worker-216] INFO  o.e.m.j.i.AbstractJavaProjectConfigurator - Adding resource folder /customer-service/src/main/resources
2017-03-17 20:18:28,988 [Worker-216] INFO  o.e.m.j.i.AbstractJavaProjectConfigurator - Adding source folder /customer-service/src/test/java
2017-03-17 20:18:28,989 [Worker-216] INFO  o.e.m.j.i.AbstractJavaProjectConfigurator - Adding resource folder /customer-service/src/test/resources
2017-03-17 20:18:29,324 [Worker-216] INFO  o.e.m.j.i.AbstractJavaProjectConfigurator - Adding source folder /order-service/src/main/java
2017-03-17 20:18:29,324 [Worker-216] INFO  o.e.m.j.i.AbstractJavaProjectConfigurator - Adding resource folder /order-service/src/main/resources
2017-03-17 20:18:29,334 [Worker-216] INFO  o.e.m.j.i.AbstractJavaProjectConfigurator - Adding resource folder /order-service/src/main/resources
2017-03-17 20:18:29,346 [Worker-216] INFO  o.e.m.j.i.AbstractJavaProjectConfigurator - Adding source folder /order-service/src/test/java
2017-03-17 20:18:29,346 [Worker-216] INFO  o.e.m.j.i.AbstractJavaProjectConfigurator - Adding resource folder /order-service/src/test/resources
2017-03-17 20:18:29,856 [Worker-216] INFO  o.e.m.c.i.p.ProjectConfigurationManager - Update completed: 3 sec
2017-03-17 20:18:30,819 [Worker-231] INFO  o.e.m.c.i.embedder.EclipseLogger - Using 'UTF-8' encoding to copy filtered resources.
2017-03-17 20:18:30,819 [Worker-231] INFO  o.e.m.c.i.embedder.EclipseLogger - Copying 0 resource
2017-03-17 20:18:30,819 [Worker-231] INFO  o.e.m.c.i.embedder.EclipseLogger - Copying 0 resource
2017-03-17 20:18:30,821 [Worker-231] INFO  o.e.m.c.i.embedder.EclipseLogger - Using 'UTF-8' encoding to copy filtered resources.
2017-03-17 20:18:30,822 [Worker-231] INFO  o.e.m.c.i.embedder.EclipseLogger - Copying 0 resource
2017-03-17 20:18:31,467 [Worker-231] INFO  o.e.m.c.i.embedder.EclipseLogger - Using 'UTF-8' encoding to copy filtered resources.
2017-03-17 20:18:31,468 [Worker-231] INFO  o.e.m.c.i.embedder.EclipseLogger - Copying 0 resource
2017-03-17 20:18:31,468 [Worker-231] INFO  o.e.m.c.i.embedder.EclipseLogger - Copying 0 resource
2017-03-17 20:18:31,470 [Worker-231] INFO  o.e.m.c.i.embedder.EclipseLogger - Using 'UTF-8' encoding to copy filtered resources.
2017-03-17 20:18:31,470 [Worker-231] INFO  o.e.m.c.i.embedder.EclipseLogger - Copying 0 resource
2017-03-17 20:18:32,748 [Worker-229] INFO  o.e.m.c.i.embedder.EclipseLogger - Using 'UTF-8' encoding to copy filtered resources.
2017-03-17 20:18:32,748 [Worker-229] INFO  o.e.m.c.i.embedder.EclipseLogger - Copying 0 resource
2017-03-17 20:18:32,748 [Worker-229] INFO  o.e.m.c.i.embedder.EclipseLogger - Copying 0 resource
2017-03-17 20:18:32,752 [Worker-229] INFO  o.e.m.c.i.embedder.EclipseLogger - Using 'UTF-8' encoding to copy filtered resources.
2017-03-17 20:18:32,752 [Worker-229] INFO  o.e.m.c.i.embedder.EclipseLogger - Copying 0 resource
2017-03-17 20:18:32,784 [Worker-229] INFO  o.e.m.c.i.embedder.EclipseLogger - Using 'UTF-8' encoding to copy filtered resources.
2017-03-17 20:18:32,784 [Worker-229] INFO  o.e.m.c.i.embedder.EclipseLogger - Copying 0 resource
2017-03-17 20:18:32,784 [Worker-229] INFO  o.e.m.c.i.embedder.EclipseLogger - Copying 0 resource
2017-03-17 20:18:32,786 [Worker-229] INFO  o.e.m.c.i.embedder.EclipseLogger - Using 'UTF-8' encoding to copy filtered resources.
2017-03-17 20:18:32,786 [Worker-229] INFO  o.e.m.c.i.embedder.EclipseLogger - Copying 0 resource
2017-03-17 20:19:00,307 [Worker-229] INFO  o.e.m.c.i.embedder.EclipseLogger - Using 'UTF-8' encoding to copy filtered resources.
2017-03-17 20:19:00,308 [Worker-229] INFO  o.e.m.c.i.embedder.EclipseLogger - Copying 0 resource
2017-03-17 20:19:00,309 [Worker-229] INFO  o.e.m.c.i.embedder.EclipseLogger - Copying 0 resource
2017-03-17 20:19:00,312 [Worker-229] INFO  o.e.m.c.i.embedder.EclipseLogger - Using 'UTF-8' encoding to copy filtered resources.
2017-03-17 20:19:00,312 [Worker-229] INFO  o.e.m.c.i.embedder.EclipseLogger - Copying 0 resource
2017-03-17 20:19:53,267 [Worker-230] INFO  o.e.m.c.i.embedder.EclipseLogger - Using 'UTF-8' encoding to copy filtered resources.
2017-03-17 20:19:53,268 [Worker-230] INFO  o.e.m.c.i.embedder.EclipseLogger - Copying 0 resource
2017-03-17 20:19:53,269 [Worker-230] INFO  o.e.m.c.i.embedder.EclipseLogger - Copying 0 resource
2017-03-17 20:19:53,271 [Worker-230] INFO  o.e.m.c.i.embedder.EclipseLogger - Using 'UTF-8' encoding to copy filtered resources.
2017-03-17 20:19:53,272 [Worker-230] INFO  o.e.m.c.i.embedder.EclipseLogger - Copying 0 resource
2017-03-17 20:22:48,003 [Worker-235] INFO  o.e.m.c.i.embedder.EclipseLogger - Using 'UTF-8' encoding to copy filtered resources.
2017-03-17 20:22:48,004 [Worker-235] INFO  o.e.m.c.i.embedder.EclipseLogger - Copying 0 resource
2017-03-17 20:22:48,004 [Worker-235] INFO  o.e.m.c.i.embedder.EclipseLogger - Copying 0 resource
2017-03-17 20:22:48,007 [Worker-235] INFO  o.e.m.c.i.embedder.EclipseLogger - Using 'UTF-8' encoding to copy filtered resources.
2017-03-17 20:22:48,008 [Worker-235] INFO  o.e.m.c.i.embedder.EclipseLogger - Copying 0 resource
2017-03-17 20:22:59,098 [Worker-235] INFO  o.e.m.c.i.embedder.EclipseLogger - Using 'UTF-8' encoding to copy filtered resources.
2017-03-17 20:22:59,099 [Worker-235] INFO  o.e.m.c.i.embedder.EclipseLogger - Copying 0 resource
2017-03-17 20:22:59,100 [Worker-235] INFO  o.e.m.c.i.embedder.EclipseLogger - Copying 1 resource
2017-03-17 20:22:59,109 [Worker-235] INFO  o.e.m.c.i.embedder.EclipseLogger - Using 'UTF-8' encoding to copy filtered resources.
2017-03-17 20:22:59,110 [Worker-235] INFO  o.e.m.c.i.embedder.EclipseLogger - Copying 0 resource
2017-03-17 20:24:02,347 [Worker-216] INFO  o.e.m.c.i.embedder.EclipseLogger - Using 'UTF-8' encoding to copy filtered resources.
2017-03-17 20:24:02,348 [Worker-216] INFO  o.e.m.c.i.embedder.EclipseLogger - Copying 0 resource
2017-03-17 20:24:02,349 [Worker-216] INFO  o.e.m.c.i.embedder.EclipseLogger - Copying 1 resource
2017-03-17 20:24:02,355 [Worker-216] INFO  o.e.m.c.i.embedder.EclipseLogger - Using 'UTF-8' encoding to copy filtered resources.
2017-03-17 20:24:02,355 [Worker-216] INFO  o.e.m.c.i.embedder.EclipseLogger - Copying 0 resource
2017-03-17 20:26:37,740 [Worker-236] INFO  o.e.m.c.i.embedder.EclipseLogger - Using 'UTF-8' encoding to copy filtered resources.
2017-03-17 20:26:37,741 [Worker-236] INFO  o.e.m.c.i.embedder.EclipseLogger - Copying 0 resource
2017-03-17 20:26:37,741 [Worker-236] INFO  o.e.m.c.i.embedder.EclipseLogger - Copying 1 resource
2017-03-17 20:26:37,755 [Worker-236] INFO  o.e.m.c.i.embedder.EclipseLogger - Using 'UTF-8' encoding to copy filtered resources.
2017-03-17 20:26:37,755 [Worker-236] INFO  o.e.m.c.i.embedder.EclipseLogger - Copying 0 resource
2017-03-17 20:26:51,635 [Worker-229] INFO  o.e.m.c.i.embedder.EclipseLogger - Using 'UTF-8' encoding to copy filtered resources.
2017-03-17 20:26:51,636 [Worker-229] INFO  o.e.m.c.i.embedder.EclipseLogger - Copying 0 resource
2017-03-17 20:26:51,636 [Worker-229] INFO  o.e.m.c.i.embedder.EclipseLogger - Copying 1 resource
2017-03-17 20:26:51,642 [Worker-229] INFO  o.e.m.c.i.embedder.EclipseLogger - Using 'UTF-8' encoding to copy filtered resources.
2017-03-17 20:26:51,642 [Worker-229] INFO  o.e.m.c.i.embedder.EclipseLogger - Copying 0 resource
2017-03-17 20:26:59,582 [Worker-216] INFO  o.e.m.c.i.embedder.EclipseLogger - Using 'UTF-8' encoding to copy filtered resources.
2017-03-17 20:26:59,583 [Worker-216] INFO  o.e.m.c.i.embedder.EclipseLogger - Copying 0 resource
2017-03-17 20:26:59,583 [Worker-216] INFO  o.e.m.c.i.embedder.EclipseLogger - Copying 1 resource
2017-03-17 20:26:59,590 [Worker-216] INFO  o.e.m.c.i.embedder.EclipseLogger - Using 'UTF-8' encoding to copy filtered resources.
2017-03-17 20:26:59,591 [Worker-216] INFO  o.e.m.c.i.embedder.EclipseLogger - Copying 0 resource
2017-03-17 20:27:25,030 [Worker-237] INFO  o.e.m.c.i.embedder.EclipseLogger - Using 'UTF-8' encoding to copy filtered resources.
2017-03-17 20:27:25,031 [Worker-237] INFO  o.e.m.c.i.embedder.EclipseLogger - Copying 0 resource
2017-03-17 20:27:25,031 [Worker-237] INFO  o.e.m.c.i.embedder.EclipseLogger - Copying 1 resource
2017-03-17 20:27:25,035 [Worker-237] INFO  o.e.m.c.i.embedder.EclipseLogger - Using 'UTF-8' encoding to copy filtered resources.
2017-03-17 20:27:25,035 [Worker-237] INFO  o.e.m.c.i.embedder.EclipseLogger - Copying 0 resource
2017-03-17 20:28:34,573 [Worker-238] INFO  o.e.m.c.i.embedder.EclipseLogger - Using 'UTF-8' encoding to copy filtered resources.
2017-03-17 20:28:34,574 [Worker-238] INFO  o.e.m.c.i.embedder.EclipseLogger - Copying 0 resource
2017-03-17 20:28:34,575 [Worker-238] INFO  o.e.m.c.i.embedder.EclipseLogger - Copying 1 resource
2017-03-17 20:28:34,578 [Worker-238] INFO  o.e.m.c.i.embedder.EclipseLogger - Using 'UTF-8' encoding to copy filtered resources.
2017-03-17 20:28:34,578 [Worker-238] INFO  o.e.m.c.i.embedder.EclipseLogger - Copying 0 resource
2017-03-17 20:29:32,411 [Worker-240] INFO  o.e.m.c.i.embedder.EclipseLogger - Using 'UTF-8' encoding to copy filtered resources.
2017-03-17 20:29:32,412 [Worker-240] INFO  o.e.m.c.i.embedder.EclipseLogger - Copying 0 resource
2017-03-17 20:29:32,414 [Worker-240] INFO  o.e.m.c.i.embedder.EclipseLogger - Copying 0 resource
2017-03-17 20:29:32,418 [Worker-240] INFO  o.e.m.c.i.embedder.EclipseLogger - Using 'UTF-8' encoding to copy filtered resources.
2017-03-17 20:29:32,418 [Worker-240] INFO  o.e.m.c.i.embedder.EclipseLogger - Copying 0 resource
2017-03-17 20:29:50,582 [Worker-239] INFO  o.e.m.c.i.embedder.EclipseLogger - Using 'UTF-8' encoding to copy filtered resources.
2017-03-17 20:29:50,583 [Worker-239] INFO  o.e.m.c.i.embedder.EclipseLogger - Copying 0 resource
2017-03-17 20:29:50,584 [Worker-239] INFO  o.e.m.c.i.embedder.EclipseLogger - Copying 1 resource
2017-03-17 20:29:50,592 [Worker-239] INFO  o.e.m.c.i.embedder.EclipseLogger - Using 'UTF-8' encoding to copy filtered resources.
2017-03-17 20:29:50,593 [Worker-239] INFO  o.e.m.c.i.embedder.EclipseLogger - Copying 0 resource
2017-03-17 20:30:52,584 [Worker-216] INFO  o.e.m.c.i.embedder.EclipseLogger - Using 'UTF-8' encoding to copy filtered resources.
2017-03-17 20:30:52,585 [Worker-216] INFO  o.e.m.c.i.embedder.EclipseLogger - Copying 0 resource
2017-03-17 20:30:52,585 [Worker-216] INFO  o.e.m.c.i.embedder.EclipseLogger - Copying 1 resource
2017-03-17 20:30:52,591 [Worker-216] INFO  o.e.m.c.i.embedder.EclipseLogger - Using 'UTF-8' encoding to copy filtered resources.
2017-03-17 20:30:52,591 [Worker-216] INFO  o.e.m.c.i.embedder.EclipseLogger - Copying 0 resource
2017-03-17 21:36:05,231 [Worker-271] INFO  o.e.m.c.i.embedder.EclipseLogger - Using 'UTF-8' encoding to copy filtered resources.
2017-03-17 21:36:05,233 [Worker-271] INFO  o.e.m.c.i.embedder.EclipseLogger - Copying 0 resource
2017-03-17 21:36:05,235 [Worker-271] INFO  o.e.m.c.i.embedder.EclipseLogger - Copying 5 resources
2017-03-17 21:36:05,240 [Worker-271] INFO  o.e.m.c.i.embedder.EclipseLogger - Using 'UTF-8' encoding to copy filtered resources.
2017-03-17 21:36:05,241 [Worker-271] INFO  o.e.m.c.i.embedder.EclipseLogger - Copying 0 resource
2017-03-17 21:36:16,297 [Worker-274] INFO  o.e.m.c.i.embedder.EclipseLogger - Using 'UTF-8' encoding to copy filtered resources.
2017-03-17 21:36:16,299 [Worker-274] INFO  o.e.m.c.i.embedder.EclipseLogger - Copying 0 resource
2017-03-17 21:36:16,300 [Worker-274] INFO  o.e.m.c.i.embedder.EclipseLogger - Copying 5 resources
2017-03-17 21:36:16,305 [Worker-274] INFO  o.e.m.c.i.embedder.EclipseLogger - Using 'UTF-8' encoding to copy filtered resources.
2017-03-17 21:36:16,306 [Worker-274] INFO  o.e.m.c.i.embedder.EclipseLogger - Copying 0 resource
2017-03-17 21:36:41,648 [Worker-273] INFO  o.e.m.c.i.embedder.EclipseLogger - Using 'UTF-8' encoding to copy filtered resources.
2017-03-17 21:36:41,650 [Worker-273] INFO  o.e.m.c.i.embedder.EclipseLogger - Copying 0 resource
2017-03-17 21:36:41,652 [Worker-273] INFO  o.e.m.c.i.embedder.EclipseLogger - Copying 5 resources
2017-03-17 21:36:41,656 [Worker-273] INFO  o.e.m.c.i.embedder.EclipseLogger - Using 'UTF-8' encoding to copy filtered resources.
2017-03-17 21:36:41,656 [Worker-273] INFO  o.e.m.c.i.embedder.EclipseLogger - Copying 0 resource
2017-03-17 21:37:36,592 [Worker-274] INFO  o.e.m.c.i.embedder.EclipseLogger - Using 'UTF-8' encoding to copy filtered resources.
2017-03-17 21:37:36,594 [Worker-274] INFO  o.e.m.c.i.embedder.EclipseLogger - Copying 0 resource
2017-03-17 21:37:36,595 [Worker-274] INFO  o.e.m.c.i.embedder.EclipseLogger - Copying 5 resources
2017-03-17 21:37:36,598 [Worker-274] INFO  o.e.m.c.i.embedder.EclipseLogger - Using 'UTF-8' encoding to copy filtered resources.
2017-03-17 21:37:36,599 [Worker-274] INFO  o.e.m.c.i.embedder.EclipseLogger - Copying 0 resource
2017-03-20 15:20:27,349 [Worker-1772] INFO  o.e.m.c.i.embedder.EclipseLogger - Using 'UTF-8' encoding to copy filtered resources.
2017-03-20 15:20:27,798 [Worker-1772] INFO  o.e.m.c.i.embedder.EclipseLogger - Copying 0 resource
2017-03-20 15:20:27,801 [Worker-1772] INFO  o.e.m.c.i.embedder.EclipseLogger - Copying 5 resources
2017-03-20 15:20:27,923 [Worker-1772] INFO  o.e.m.c.i.embedder.EclipseLogger - Using 'UTF-8' encoding to copy filtered resources.
2017-03-20 15:20:27,977 [Worker-1772] INFO  o.e.m.c.i.embedder.EclipseLogger - Copying 0 resource
2017-03-20 15:21:22,354 [Worker-1769] INFO  o.e.m.c.i.embedder.EclipseLogger - Using 'UTF-8' encoding to copy filtered resources.
2017-03-20 15:21:22,403 [Worker-1769] INFO  o.e.m.c.i.embedder.EclipseLogger - Copying 0 resource
2017-03-20 15:21:22,405 [Worker-1769] INFO  o.e.m.c.i.embedder.EclipseLogger - Copying 1 resource
2017-03-20 15:21:22,411 [Worker-1769] INFO  o.e.m.c.i.embedder.EclipseLogger - Using 'UTF-8' encoding to copy filtered resources.
2017-03-20 15:21:22,412 [Worker-1769] INFO  o.e.m.c.i.embedder.EclipseLogger - Copying 0 resource
2017-03-20 15:25:05,977 [Worker-1776] INFO  o.e.m.c.i.embedder.EclipseLogger - Using 'UTF-8' encoding to copy filtered resources.
2017-03-20 15:25:05,978 [Worker-1776] INFO  o.e.m.c.i.embedder.EclipseLogger - Copying 0 resource
2017-03-20 15:25:05,979 [Worker-1776] INFO  o.e.m.c.i.embedder.EclipseLogger - Copying 1 resource
2017-03-20 15:25:05,985 [Worker-1776] INFO  o.e.m.c.i.embedder.EclipseLogger - Using 'UTF-8' encoding to copy filtered resources.
2017-03-20 15:25:05,985 [Worker-1776] INFO  o.e.m.c.i.embedder.EclipseLogger - Copying 0 resource
2017-03-20 15:25:50,061 [Worker-1774] INFO  o.e.m.c.i.embedder.EclipseLogger - Using 'UTF-8' encoding to copy filtered resources.
2017-03-20 15:25:50,063 [Worker-1774] INFO  o.e.m.c.i.embedder.EclipseLogger - Copying 0 resource
2017-03-20 15:25:50,064 [Worker-1774] INFO  o.e.m.c.i.embedder.EclipseLogger - Copying 1 resource
2017-03-20 15:25:50,070 [Worker-1774] INFO  o.e.m.c.i.embedder.EclipseLogger - Using 'UTF-8' encoding to copy filtered resources.
2017-03-20 15:25:50,070 [Worker-1774] INFO  o.e.m.c.i.embedder.EclipseLogger - Copying 0 resource
2017-03-20 15:28:19,458 [Worker-1775] INFO  o.e.m.c.i.embedder.EclipseLogger - Using 'UTF-8' encoding to copy filtered resources.
2017-03-20 15:28:19,459 [Worker-1775] INFO  o.e.m.c.i.embedder.EclipseLogger - Copying 0 resource
2017-03-20 15:28:19,460 [Worker-1775] INFO  o.e.m.c.i.embedder.EclipseLogger - Copying 1 resource
2017-03-20 15:28:19,466 [Worker-1775] INFO  o.e.m.c.i.embedder.EclipseLogger - Using 'UTF-8' encoding to copy filtered resources.
2017-03-20 15:28:19,467 [Worker-1775] INFO  o.e.m.c.i.embedder.EclipseLogger - Copying 0 resource
2017-03-20 15:28:43,261 [Worker-1769] INFO  o.e.m.c.i.embedder.EclipseLogger - Using 'UTF-8' encoding to copy filtered resources.
2017-03-20 15:28:43,263 [Worker-1769] INFO  o.e.m.c.i.embedder.EclipseLogger - Copying 0 resource
2017-03-20 15:28:43,271 [Worker-1769] INFO  o.e.m.c.i.embedder.EclipseLogger - Copying 1 resource
2017-03-20 15:28:43,283 [Worker-1769] INFO  o.e.m.c.i.embedder.EclipseLogger - Using 'UTF-8' encoding to copy filtered resources.
2017-03-20 15:28:43,284 [Worker-1769] INFO  o.e.m.c.i.embedder.EclipseLogger - Copying 0 resource
